{"/Users/kpose/Documents/Projects/Sapa/src/App.tsx": {"path":"/Users/kpose/Documents/Projects/Sapa/src/App.tsx","statementMap":{"0":{"start":{"line":4,"column":12},"end":{"line":23,"column":1}},"1":{"start":{"line":5,"column":28},"end":{"line":5,"column":40}},"2":{"start":{"line":6,"column":30},"end":{"line":6,"column":42}},"3":{"start":{"line":7,"column":2},"end":{"line":22,"column":4}},"4":{"start":{"line":12,"column":27},"end":{"line":12,"column":38}},"5":{"start":{"line":15,"column":23},"end":{"line":15,"column":39}}},"fnMap":{"0":{"name":"(anonymous_0)","decl":{"start":{"line":4,"column":12},"end":{"line":4,"column":13}},"loc":{"start":{"line":4,"column":18},"end":{"line":23,"column":1}},"line":4},"1":{"name":"(anonymous_1)","decl":{"start":{"line":12,"column":22},"end":{"line":12,"column":23}},"loc":{"start":{"line":12,"column":27},"end":{"line":12,"column":38}},"line":12},"2":{"name":"(anonymous_2)","decl":{"start":{"line":15,"column":17},"end":{"line":15,"column":18}},"loc":{"start":{"line":15,"column":23},"end":{"line":15,"column":39}},"line":15}},"branchMap":{},"s":{"0":1,"1":3,"2":3,"3":3,"4":1,"5":1},"f":{"0":3,"1":1,"2":1},"b":{},"_coverageSchema":"1a1c01bbd47fc00a2c39e90264f33305004495a9","hash":"3da65c2e33254aaf10903847c652ad9286ad93c1"}
}
